<?xml version="1.0" encoding="UTF-8"?>
<!-- Generated by org.testng.reporters.JUnitReportReporter -->
<testsuite hostname="LAPTOP-QOLD1IIT" failures="0" tests="4" name="testpackage.SignUptestclass" time="25.391" errors="0" timestamp="2022-02-02T17:20:09 EST" skipped="0">
  <testcase classname="testpackage.SignUptestclass" name="Title" time="2.037"/>
  <system-out/>
  <testcase classname="testpackage.SignUptestclass" name="Signup" time="11.584"/>
  <system-out/>
  <testcase classname="testpackage.SignUptestclass" name="login" time="6.683"/>
  <system-out/>
  <testcase classname="testpackage.SignUptestclass" name="AddToCart" time="5.087"/>
  <system-out/>
</testsuite> <!-- testpackage.SignUptestclass -->
